<?xml version="1.0" encoding="UTF-8"?>
<!-- Generated by org.testng.reporters.JUnitReportReporter -->
<testsuite hostname="cas-1" failures="0" tests="3" name="GarageAPI.GetClientsNegativeTests" time="0.003" errors="0" timestamp="2024-06-08T18:59:29 WEST" skipped="0">
  <testcase classname="GarageAPI.GetClientsNegativeTests" name="getAllClients_Client2NegativeID_Test" time="0.000"/>
  <system-out/>
  <testcase classname="GarageAPI.GetClientsNegativeTests" name="getAllClients_Client2VehicleNotActive_Test" time="0.000"/>
  <system-out/>
  <testcase classname="GarageAPI.GetClientsNegativeTests" name="getAllClients_Client1NegativeID_Test" time="0.003"/>
  <system-out/>
</testsuite> <!-- GarageAPI.GetClientsNegativeTests -->
