<?xml version="1.0" encoding="UTF-8"?>
<!-- Generated by org.testng.reporters.JUnitReportReporter -->
<testsuite hostname="cas-1" failures="0" tests="1" name="GarageAPI.GetClientsPositiveTests" time="0.025" errors="0" timestamp="2024-06-08T18:59:29 WEST" skipped="0">
  <testcase classname="GarageAPI.GetClientsPositiveTests" name="getAllClientsTest" time="0.025"/>
  <system-out/>
</testsuite> <!-- GarageAPI.GetClientsPositiveTests -->
